Started GET "/" for ::1 at 2017-05-10 06:07:44 -0400
Processing by Rails::WelcomeController#index as HTML
  Parameters: {"internal"=>true}
  Rendering /Users/wilsantana/.rvm/gems/ruby-2.3.1/gems/railties-5.0.2/lib/rails/templates/rails/welcome/index.html.erb
  Rendered /Users/wilsantana/.rvm/gems/ruby-2.3.1/gems/railties-5.0.2/lib/rails/templates/rails/welcome/index.html.erb (5.0ms)
Completed 200 OK in 25ms (Views: 11.7ms | ActiveRecord: 0.0ms)


Started GET "/" for ::1 at 2017-05-10 06:07:45 -0400
Processing by Rails::WelcomeController#index as HTML
  Parameters: {"internal"=>true}
  Rendering /Users/wilsantana/.rvm/gems/ruby-2.3.1/gems/railties-5.0.2/lib/rails/templates/rails/welcome/index.html.erb
  Rendered /Users/wilsantana/.rvm/gems/ruby-2.3.1/gems/railties-5.0.2/lib/rails/templates/rails/welcome/index.html.erb (4.4ms)
Completed 200 OK in 9ms (Views: 6.5ms | ActiveRecord: 0.0ms)


Started GET "/" for ::1 at 2017-05-10 06:47:26 -0400
Processing by StaticPagesController#index as HTML
  Rendering static_pages/index.html.erb within layouts/application
  Rendered static_pages/index.html.erb within layouts/application (1.8ms)
Completed 200 OK in 584ms (Views: 573.1ms | ActiveRecord: 0.0ms)


Started GET "/" for ::1 at 2017-05-10 16:22:46 -0400
Processing by StaticPagesController#index as HTML
  Rendering static_pages/index.html.erb within layouts/application
  Rendered static_pages/index.html.erb within layouts/application (4.1ms)
Completed 200 OK in 91ms (Views: 75.7ms | ActiveRecord: 0.0ms)


Started GET "/" for ::1 at 2017-05-10 16:23:34 -0400
Processing by StaticPagesController#index as HTML
  Rendering static_pages/index.html.erb within layouts/application
  Rendered static_pages/index.html.erb within layouts/application (0.4ms)
Completed 200 OK in 25ms (Views: 22.9ms | ActiveRecord: 0.0ms)


Started GET "/" for ::1 at 2017-05-10 16:23:50 -0400
Processing by StaticPagesController#index as HTML
  Rendering static_pages/index.html.erb within layouts/application
  Rendered static_pages/index.html.erb within layouts/application (0.4ms)
Completed 200 OK in 23ms (Views: 20.0ms | ActiveRecord: 0.0ms)


Started GET "/" for ::1 at 2017-05-10 16:26:24 -0400
Processing by StaticPagesController#index as HTML
  Rendering static_pages/index.html.erb within layouts/application
  Rendered static_pages/index.html.erb within layouts/application (0.5ms)
Completed 200 OK in 21ms (Views: 18.8ms | ActiveRecord: 0.0ms)


Started GET "/" for ::1 at 2017-05-10 16:38:12 -0400
Processing by StaticPagesController#index as HTML
  Rendering static_pages/index.html.erb within layouts/application
  Rendered static_pages/index.html.erb within layouts/application (0.4ms)
Completed 200 OK in 23ms (Views: 20.7ms | ActiveRecord: 0.0ms)


Started GET "/" for ::1 at 2017-05-10 16:46:04 -0400
Processing by StaticPagesController#index as HTML
  Rendering static_pages/index.html.erb within layouts/application
  Rendered static_pages/index.html.erb within layouts/application (0.5ms)
Completed 200 OK in 23ms (Views: 21.5ms | ActiveRecord: 0.0ms)


Started GET "/" for ::1 at 2017-05-10 16:46:14 -0400
Processing by StaticPagesController#index as HTML
  Rendering static_pages/index.html.erb within layouts/application
  Rendered static_pages/index.html.erb within layouts/application (0.8ms)
Completed 200 OK in 119ms (Views: 116.8ms | ActiveRecord: 0.0ms)


Started GET "/" for ::1 at 2017-05-10 16:46:39 -0400
Processing by StaticPagesController#index as HTML
  Rendering static_pages/index.html.erb within layouts/application
  Rendered static_pages/index.html.erb within layouts/application (0.8ms)
Completed 200 OK in 26ms (Views: 24.0ms | ActiveRecord: 0.0ms)


Started GET "/" for ::1 at 2017-05-10 16:47:13 -0400
Processing by StaticPagesController#index as HTML
  Rendering static_pages/index.html.erb within layouts/application
  Rendered static_pages/index.html.erb within layouts/application (1.2ms)
Completed 200 OK in 30ms (Views: 27.5ms | ActiveRecord: 0.0ms)


Started GET "/" for ::1 at 2017-05-10 16:47:30 -0400
Processing by StaticPagesController#index as HTML
  Rendering static_pages/index.html.erb within layouts/application
  Rendered static_pages/index.html.erb within layouts/application (0.5ms)
Completed 200 OK in 26ms (Views: 23.2ms | ActiveRecord: 0.0ms)


Started GET "/" for ::1 at 2017-05-10 16:51:53 -0400
Processing by StaticPagesController#index as HTML
  Rendering static_pages/index.html.erb within layouts/application
  Rendered static_pages/index.html.erb within layouts/application (0.4ms)
Completed 200 OK in 42ms (Views: 39.9ms | ActiveRecord: 0.0ms)


Started GET "/" for ::1 at 2017-05-10 20:23:26 -0400
Processing by StaticPagesController#index as HTML
  Rendering static_pages/index.html.erb within layouts/application
  Rendered static_pages/index.html.erb within layouts/application (5.9ms)
Completed 200 OK in 148ms (Views: 130.8ms | ActiveRecord: 0.0ms)


Started GET "/" for ::1 at 2017-05-10 20:26:41 -0400
Processing by StaticPagesController#index as HTML
  Rendering static_pages/index.html.erb within layouts/application
  Rendered static_pages/index.html.erb within layouts/application (0.8ms)
Completed 200 OK in 52ms (Views: 49.5ms | ActiveRecord: 0.0ms)


Started GET "/" for ::1 at 2017-05-10 20:27:51 -0400
Processing by StaticPagesController#index as HTML
  Rendering static_pages/index.html.erb within layouts/application
  Rendered static_pages/index.html.erb within layouts/application (0.5ms)
Completed 200 OK in 47ms (Views: 44.4ms | ActiveRecord: 0.0ms)


Started GET "/" for ::1 at 2017-05-10 20:42:44 -0400
Processing by StaticPagesController#index as HTML
  Rendering static_pages/index.html.erb within layouts/application
  Rendered static_pages/index.html.erb within layouts/application (0.5ms)
Completed 200 OK in 39ms (Views: 37.2ms | ActiveRecord: 0.0ms)


Started GET "/" for ::1 at 2017-05-10 21:09:05 -0400
Processing by StaticPagesController#index as HTML
  Rendering static_pages/index.html.erb within layouts/application
  Rendered static_pages/index.html.erb within layouts/application (0.8ms)
Completed 200 OK in 33ms (Views: 30.6ms | ActiveRecord: 0.0ms)


Started GET "/" for ::1 at 2017-05-10 21:11:24 -0400
Processing by StaticPagesController#index as HTML
  Rendering static_pages/index.html.erb within layouts/application
  Rendered static_pages/index.html.erb within layouts/application (0.5ms)
Completed 200 OK in 23ms (Views: 21.1ms | ActiveRecord: 0.0ms)


Started GET "/" for ::1 at 2017-05-10 21:16:14 -0400
Processing by StaticPagesController#index as HTML
  Rendering static_pages/index.html.erb within layouts/application
  Rendered static_pages/index.html.erb within layouts/application (0.6ms)
Completed 200 OK in 135ms (Views: 132.6ms | ActiveRecord: 0.0ms)


Started GET "/" for ::1 at 2017-05-10 21:38:22 -0400
Processing by StaticPagesController#index as HTML
  Rendering static_pages/index.html.erb within layouts/application
  Rendered static_pages/index.html.erb within layouts/application (0.9ms)
Completed 200 OK in 55ms (Views: 51.6ms | ActiveRecord: 0.0ms)


Started GET "/" for ::1 at 2017-05-10 21:38:56 -0400
Processing by StaticPagesController#index as HTML
  Rendering static_pages/index.html.erb within layouts/application
  Rendered static_pages/index.html.erb within layouts/application (0.5ms)
Completed 200 OK in 48ms (Views: 46.5ms | ActiveRecord: 0.0ms)


Started GET "/" for ::1 at 2017-05-10 21:39:15 -0400
Processing by StaticPagesController#index as HTML
  Rendering static_pages/index.html.erb within layouts/application
  Rendered static_pages/index.html.erb within layouts/application (0.7ms)
Completed 200 OK in 41ms (Views: 38.6ms | ActiveRecord: 0.0ms)


Started GET "/" for ::1 at 2017-05-10 21:39:53 -0400
Processing by StaticPagesController#index as HTML
  Rendering static_pages/index.html.erb within layouts/application
  Rendered static_pages/index.html.erb within layouts/application (0.5ms)
Completed 200 OK in 28ms (Views: 26.0ms | ActiveRecord: 0.0ms)


Started GET "/" for ::1 at 2017-05-10 21:40:45 -0400
Processing by StaticPagesController#index as HTML
  Rendering static_pages/index.html.erb within layouts/application
  Rendered static_pages/index.html.erb within layouts/application (0.8ms)
Completed 200 OK in 27ms (Views: 24.3ms | ActiveRecord: 0.0ms)


Started GET "/" for ::1 at 2017-05-10 21:41:07 -0400
Processing by StaticPagesController#index as HTML
  Rendering static_pages/index.html.erb within layouts/application
  Rendered static_pages/index.html.erb within layouts/application (0.5ms)
Completed 200 OK in 29ms (Views: 27.3ms | ActiveRecord: 0.0ms)


Started GET "/" for ::1 at 2017-05-10 21:42:30 -0400
Processing by StaticPagesController#index as HTML
  Rendering static_pages/index.html.erb within layouts/application
  Rendered static_pages/index.html.erb within layouts/application (0.7ms)
Completed 200 OK in 47ms (Views: 44.5ms | ActiveRecord: 0.0ms)


Started GET "/" for ::1 at 2017-05-10 21:53:24 -0400
Processing by StaticPagesController#index as HTML
  Rendering static_pages/index.html.erb within layouts/application
  Rendered static_pages/index.html.erb within layouts/application (2.1ms)
Completed 200 OK in 4494ms (Views: 4480.1ms | ActiveRecord: 0.0ms)


Started GET "/" for ::1 at 2017-05-10 21:57:02 -0400
Processing by StaticPagesController#index as HTML
  Rendering static_pages/index.html.erb within layouts/application
  Rendered static_pages/index.html.erb within layouts/application (0.5ms)
Completed 200 OK in 74ms (Views: 71.9ms | ActiveRecord: 0.0ms)


Started GET "/" for ::1 at 2017-05-10 21:59:16 -0400
Processing by StaticPagesController#index as HTML
  Rendering static_pages/index.html.erb within layouts/application
  Rendered static_pages/index.html.erb within layouts/application (0.4ms)
Completed 200 OK in 59ms (Views: 56.7ms | ActiveRecord: 0.0ms)


Started GET "/" for ::1 at 2017-05-10 21:59:20 -0400
Processing by StaticPagesController#index as HTML
  Rendering static_pages/index.html.erb within layouts/application
  Rendered static_pages/index.html.erb within layouts/application (0.4ms)
Completed 200 OK in 51ms (Views: 49.0ms | ActiveRecord: 0.0ms)


Started GET "/" for ::1 at 2017-05-10 22:02:14 -0400
Processing by StaticPagesController#index as HTML
  Rendering static_pages/index.html.erb within layouts/application
  Rendered static_pages/index.html.erb within layouts/application (0.6ms)
Completed 200 OK in 1791ms (Views: 1788.0ms | ActiveRecord: 0.0ms)


Started GET "/" for ::1 at 2017-05-10 22:03:53 -0400
Processing by StaticPagesController#index as HTML
  Rendering static_pages/index.html.erb within layouts/application
  Rendered static_pages/index.html.erb within layouts/application (0.4ms)
Completed 200 OK in 42ms (Views: 40.1ms | ActiveRecord: 0.0ms)


Started GET "/" for ::1 at 2017-05-10 22:06:27 -0400
Processing by StaticPagesController#index as HTML
  Rendering static_pages/index.html.erb within layouts/application
  Rendered static_pages/index.html.erb within layouts/application (0.4ms)
Completed 200 OK in 62ms (Views: 59.8ms | ActiveRecord: 0.0ms)


Started GET "/" for ::1 at 2017-05-11 06:02:54 -0400
Processing by StaticPagesController#index as HTML
  Rendering static_pages/index.html.erb within layouts/application
  Rendered static_pages/index.html.erb within layouts/application (0.5ms)
Completed 200 OK in 85ms (Views: 83.0ms | ActiveRecord: 0.0ms)


Started GET "/" for ::1 at 2017-05-11 06:04:56 -0400
Processing by StaticPagesController#index as HTML
  Rendering static_pages/index.html.erb within layouts/application
  Rendered static_pages/index.html.erb within layouts/application (0.6ms)
Completed 200 OK in 66ms (Views: 63.5ms | ActiveRecord: 0.0ms)


Started GET "/" for ::1 at 2017-05-11 06:05:38 -0400
Processing by StaticPagesController#index as HTML
  Rendering static_pages/index.html.erb within layouts/application
  Rendered static_pages/index.html.erb within layouts/application (0.5ms)
Completed 200 OK in 65ms (Views: 62.7ms | ActiveRecord: 0.0ms)


Started GET "/" for ::1 at 2017-05-11 06:06:15 -0400
Processing by StaticPagesController#index as HTML
  Rendering static_pages/index.html.erb within layouts/application
  Rendered static_pages/index.html.erb within layouts/application (0.5ms)
Completed 200 OK in 54ms (Views: 51.9ms | ActiveRecord: 0.0ms)


Started GET "/" for ::1 at 2017-05-11 06:07:34 -0400
Processing by StaticPagesController#index as HTML
  Rendering static_pages/index.html.erb within layouts/application
  Rendered static_pages/index.html.erb within layouts/application (0.4ms)
Completed 200 OK in 44ms (Views: 42.7ms | ActiveRecord: 0.0ms)


Started GET "/" for ::1 at 2017-05-11 06:09:36 -0400
Processing by StaticPagesController#index as HTML
  Rendering static_pages/index.html.erb within layouts/application
  Rendered static_pages/index.html.erb within layouts/application (6.6ms)
Completed 200 OK in 1710ms (Views: 1707.0ms | ActiveRecord: 0.0ms)


Started GET "/" for ::1 at 2017-05-11 06:10:45 -0400
Processing by StaticPagesController#index as HTML
  Rendering static_pages/index.html.erb within layouts/application
  Rendered static_pages/index.html.erb within layouts/application (0.6ms)
Completed 200 OK in 1602ms (Views: 1600.1ms | ActiveRecord: 0.0ms)


Started GET "/" for ::1 at 2017-05-11 06:25:21 -0400
Processing by StaticPagesController#index as HTML
  Rendering static_pages/index.html.erb within layouts/application
  Rendered static_pages/index.html.erb within layouts/application (0.7ms)
Completed 200 OK in 1731ms (Views: 1728.7ms | ActiveRecord: 0.0ms)


Started GET "/" for ::1 at 2017-05-11 06:25:46 -0400
Processing by StaticPagesController#index as HTML
  Rendering static_pages/index.html.erb within layouts/application
  Rendered static_pages/index.html.erb within layouts/application (0.5ms)
Completed 200 OK in 1671ms (Views: 1669.1ms | ActiveRecord: 0.0ms)


Started GET "/" for ::1 at 2017-05-11 06:26:34 -0400
Processing by StaticPagesController#index as HTML
  Rendering static_pages/index.html.erb within layouts/application
  Rendered static_pages/index.html.erb within layouts/application (0.4ms)
Completed 200 OK in 1527ms (Views: 1525.5ms | ActiveRecord: 0.0ms)


Started GET "/" for ::1 at 2017-05-11 06:27:03 -0400
Processing by StaticPagesController#index as HTML
  Rendering static_pages/index.html.erb within layouts/application
  Rendered static_pages/index.html.erb within layouts/application (0.5ms)
Completed 200 OK in 64ms (Views: 61.8ms | ActiveRecord: 0.0ms)


Started GET "/" for ::1 at 2017-05-11 06:28:01 -0400
Processing by StaticPagesController#index as HTML
  Rendering static_pages/index.html.erb within layouts/application
  Rendered static_pages/index.html.erb within layouts/application (0.6ms)
Completed 200 OK in 59ms (Views: 56.7ms | ActiveRecord: 0.0ms)


Started GET "/" for ::1 at 2017-05-11 06:28:31 -0400
Processing by StaticPagesController#index as HTML
  Rendering static_pages/index.html.erb within layouts/application
  Rendered static_pages/index.html.erb within layouts/application (0.5ms)
Completed 200 OK in 59ms (Views: 57.5ms | ActiveRecord: 0.0ms)


Started GET "/" for ::1 at 2017-05-11 06:29:10 -0400
Processing by StaticPagesController#index as HTML
  Rendering static_pages/index.html.erb within layouts/application
  Rendered static_pages/index.html.erb within layouts/application (0.4ms)
Completed 200 OK in 54ms (Views: 52.0ms | ActiveRecord: 0.0ms)


Started GET "/" for ::1 at 2017-05-11 06:29:15 -0400
Processing by StaticPagesController#index as HTML
  Rendering static_pages/index.html.erb within layouts/application
  Rendered static_pages/index.html.erb within layouts/application (0.4ms)
Completed 200 OK in 56ms (Views: 54.2ms | ActiveRecord: 0.0ms)


Started GET "/" for ::1 at 2017-05-11 06:29:41 -0400
Processing by StaticPagesController#index as HTML
  Rendering static_pages/index.html.erb within layouts/application
  Rendered static_pages/index.html.erb within layouts/application (0.5ms)
Completed 200 OK in 53ms (Views: 51.0ms | ActiveRecord: 0.0ms)


Started GET "/" for ::1 at 2017-05-11 06:30:18 -0400
Processing by StaticPagesController#index as HTML
  Rendering static_pages/index.html.erb within layouts/application
  Rendered static_pages/index.html.erb within layouts/application (0.4ms)
Completed 200 OK in 41ms (Views: 38.6ms | ActiveRecord: 0.0ms)


Started GET "/" for ::1 at 2017-05-11 06:35:29 -0400
Processing by StaticPagesController#index as HTML
  Rendering static_pages/index.html.erb within layouts/application
  Rendered static_pages/index.html.erb within layouts/application (0.4ms)
Completed 500 Internal Server Error in 8ms (ActiveRecord: 0.0ms)


  
SyntaxError (/Users/wilsantana/Desktop/projects/skyverge_page/app/views/layouts/application.html.erb:38: syntax error, unexpected keyword_ensure, expecting keyword_end
/Users/wilsantana/Desktop/projects/skyverge_page/app/views/layouts/application.html.erb:40: syntax error, unexpected end-of-input, expecting keyword_end):
  
app/views/layouts/application.html.erb:38: syntax error, unexpected keyword_ensure, expecting keyword_end
app/views/layouts/application.html.erb:40: syntax error, unexpected end-of-input, expecting keyword_end
  Rendering /Users/wilsantana/.rvm/gems/ruby-2.3.1/gems/actionpack-5.0.2/lib/action_dispatch/middleware/templates/rescues/diagnostics.html.erb within rescues/layout
  Rendering /Users/wilsantana/.rvm/gems/ruby-2.3.1/gems/actionpack-5.0.2/lib/action_dispatch/middleware/templates/rescues/_source.html.erb
  Rendered /Users/wilsantana/.rvm/gems/ruby-2.3.1/gems/actionpack-5.0.2/lib/action_dispatch/middleware/templates/rescues/_source.html.erb (4.2ms)
  Rendering /Users/wilsantana/.rvm/gems/ruby-2.3.1/gems/actionpack-5.0.2/lib/action_dispatch/middleware/templates/rescues/_trace.html.erb
  Rendered /Users/wilsantana/.rvm/gems/ruby-2.3.1/gems/actionpack-5.0.2/lib/action_dispatch/middleware/templates/rescues/_trace.html.erb (2.3ms)
  Rendering /Users/wilsantana/.rvm/gems/ruby-2.3.1/gems/actionpack-5.0.2/lib/action_dispatch/middleware/templates/rescues/_request_and_response.html.erb
  Rendered /Users/wilsantana/.rvm/gems/ruby-2.3.1/gems/actionpack-5.0.2/lib/action_dispatch/middleware/templates/rescues/_request_and_response.html.erb (1.8ms)
  Rendered /Users/wilsantana/.rvm/gems/ruby-2.3.1/gems/actionpack-5.0.2/lib/action_dispatch/middleware/templates/rescues/diagnostics.html.erb within rescues/layout (73.1ms)
Started GET "/" for ::1 at 2017-05-11 06:37:49 -0400
Processing by StaticPagesController#index as HTML
  Rendering static_pages/index.html.erb within layouts/application
  Rendered static_pages/index.html.erb within layouts/application (0.5ms)
Completed 200 OK in 289ms (Views: 286.5ms | ActiveRecord: 0.0ms)


Started GET "/" for ::1 at 2017-05-11 06:39:59 -0400
Processing by StaticPagesController#index as HTML
  Rendering static_pages/index.html.erb within layouts/application
  Rendered static_pages/index.html.erb within layouts/application (0.7ms)
Completed 200 OK in 1796ms (Views: 1793.8ms | ActiveRecord: 0.0ms)


Started GET "/" for ::1 at 2017-05-11 06:42:42 -0400
Processing by StaticPagesController#index as HTML
  Rendering static_pages/index.html.erb within layouts/application
  Rendered static_pages/index.html.erb within layouts/application (0.7ms)
Completed 200 OK in 80ms (Views: 77.7ms | ActiveRecord: 0.0ms)


Started GET "/" for ::1 at 2017-05-11 06:46:32 -0400
Processing by StaticPagesController#index as HTML
  Rendering static_pages/index.html.erb within layouts/application
  Rendered static_pages/index.html.erb within layouts/application (1.8ms)
Completed 200 OK in 302ms (Views: 293.6ms | ActiveRecord: 0.0ms)


Started GET "/" for ::1 at 2017-05-11 06:46:57 -0400
Processing by StaticPagesController#index as HTML
  Rendering static_pages/index.html.erb within layouts/application
  Rendered static_pages/index.html.erb within layouts/application (0.4ms)
Completed 200 OK in 50ms (Views: 48.2ms | ActiveRecord: 0.0ms)


Started GET "/" for ::1 at 2017-05-11 06:47:37 -0400
Processing by StaticPagesController#index as HTML
  Rendering static_pages/index.html.erb within layouts/application
  Rendered static_pages/index.html.erb within layouts/application (0.7ms)
Completed 200 OK in 1783ms (Views: 1779.9ms | ActiveRecord: 0.0ms)


Started GET "/" for ::1 at 2017-05-11 06:47:53 -0400
Processing by StaticPagesController#index as HTML
  Rendering static_pages/index.html.erb within layouts/application
  Rendered static_pages/index.html.erb within layouts/application (0.4ms)
Completed 200 OK in 1659ms (Views: 1657.1ms | ActiveRecord: 0.0ms)


Started GET "/" for ::1 at 2017-05-11 06:48:22 -0400
Processing by StaticPagesController#index as HTML
  Rendering static_pages/index.html.erb within layouts/application
  Rendered static_pages/index.html.erb within layouts/application (0.5ms)
Completed 200 OK in 1651ms (Views: 1648.3ms | ActiveRecord: 0.0ms)


Started GET "/" for ::1 at 2017-05-11 06:51:15 -0400
Processing by StaticPagesController#index as HTML
  Rendering static_pages/index.html.erb within layouts/application
  Rendered static_pages/index.html.erb within layouts/application (0.7ms)
Completed 200 OK in 357ms (Views: 354.2ms | ActiveRecord: 0.0ms)


Started GET "/" for ::1 at 2017-05-11 06:51:36 -0400
Processing by StaticPagesController#index as HTML
  Rendering static_pages/index.html.erb within layouts/application
  Rendered static_pages/index.html.erb within layouts/application (0.6ms)
Completed 200 OK in 80ms (Views: 77.0ms | ActiveRecord: 0.0ms)


Started GET "/" for ::1 at 2017-05-11 06:57:36 -0400
Processing by StaticPagesController#index as HTML
  Rendering static_pages/index.html.erb within layouts/application
  Rendered static_pages/index.html.erb within layouts/application (0.6ms)
Completed 200 OK in 95ms (Views: 91.6ms | ActiveRecord: 0.0ms)


Started GET "/" for ::1 at 2017-05-11 07:00:16 -0400
Processing by StaticPagesController#index as HTML
  Rendering static_pages/index.html.erb within layouts/application
  Rendered static_pages/index.html.erb within layouts/application (2.8ms)
Completed 200 OK in 534ms (Views: 524.5ms | ActiveRecord: 0.0ms)


Started GET "/" for ::1 at 2017-05-11 07:10:07 -0400
Processing by StaticPagesController#index as HTML
  Rendering static_pages/index.html.erb within layouts/application
  Rendered static_pages/index.html.erb within layouts/application (1.4ms)
Completed 200 OK in 1907ms (Views: 1904.0ms | ActiveRecord: 0.0ms)


Started GET "/" for ::1 at 2017-05-11 07:10:24 -0400
Processing by StaticPagesController#index as HTML
  Rendering static_pages/index.html.erb within layouts/application
  Rendered static_pages/index.html.erb within layouts/application (0.6ms)
Completed 200 OK in 1595ms (Views: 1593.2ms | ActiveRecord: 0.0ms)


Started GET "/" for ::1 at 2017-05-11 07:11:00 -0400
Processing by StaticPagesController#index as HTML
  Rendering static_pages/index.html.erb within layouts/application
  Rendered static_pages/index.html.erb within layouts/application (0.6ms)
Completed 200 OK in 1752ms (Views: 1750.0ms | ActiveRecord: 0.0ms)


Started GET "/" for ::1 at 2017-05-11 16:22:17 -0400
Processing by StaticPagesController#index as HTML
  Rendering static_pages/index.html.erb within layouts/application
  Rendered static_pages/index.html.erb within layouts/application (9.9ms)
Completed 200 OK in 2102ms (Views: 2085.5ms | ActiveRecord: 0.0ms)


Started GET "/" for ::1 at 2017-05-11 16:22:58 -0400
Processing by StaticPagesController#index as HTML
  Rendering static_pages/index.html.erb within layouts/application
  Rendered static_pages/index.html.erb within layouts/application (1.7ms)
Completed 200 OK in 1703ms (Views: 1699.3ms | ActiveRecord: 0.0ms)


Started GET "/" for ::1 at 2017-05-11 16:23:26 -0400
Processing by StaticPagesController#index as HTML
  Rendering static_pages/index.html.erb within layouts/application
  Rendered static_pages/index.html.erb within layouts/application (0.5ms)
Completed 200 OK in 1602ms (Views: 1599.9ms | ActiveRecord: 0.0ms)


Started GET "/" for ::1 at 2017-05-11 16:25:04 -0400
Processing by StaticPagesController#index as HTML
  Rendering static_pages/index.html.erb within layouts/application
  Rendered static_pages/index.html.erb within layouts/application (4.2ms)
Completed 200 OK in 1605ms (Views: 1602.9ms | ActiveRecord: 0.0ms)


Started GET "/" for ::1 at 2017-05-11 16:25:23 -0400
Processing by StaticPagesController#index as HTML
  Rendering static_pages/index.html.erb within layouts/application
  Rendered static_pages/index.html.erb within layouts/application (0.5ms)
Completed 200 OK in 1580ms (Views: 1578.0ms | ActiveRecord: 0.0ms)


Started GET "/" for ::1 at 2017-05-11 16:25:37 -0400
Processing by StaticPagesController#index as HTML
  Rendering static_pages/index.html.erb within layouts/application
  Rendered static_pages/index.html.erb within layouts/application (0.5ms)
Completed 200 OK in 1597ms (Views: 1594.6ms | ActiveRecord: 0.0ms)


Started GET "/" for ::1 at 2017-05-11 16:26:00 -0400
Processing by StaticPagesController#index as HTML
  Rendering static_pages/index.html.erb within layouts/application
  Rendered static_pages/index.html.erb within layouts/application (0.4ms)
Completed 200 OK in 1656ms (Views: 1653.9ms | ActiveRecord: 0.0ms)


Started GET "/" for ::1 at 2017-05-11 16:26:18 -0400
Processing by StaticPagesController#index as HTML
  Rendering static_pages/index.html.erb within layouts/application
  Rendered static_pages/index.html.erb within layouts/application (0.5ms)
Completed 200 OK in 55ms (Views: 52.9ms | ActiveRecord: 0.0ms)


Started GET "/" for ::1 at 2017-05-11 16:27:07 -0400
Processing by StaticPagesController#index as HTML
  Rendering static_pages/index.html.erb within layouts/application
  Rendered static_pages/index.html.erb within layouts/application (1.7ms)
Completed 200 OK in 1612ms (Views: 1609.6ms | ActiveRecord: 0.0ms)


Started GET "/" for ::1 at 2017-05-11 16:29:19 -0400
Processing by StaticPagesController#index as HTML
  Rendering static_pages/index.html.erb within layouts/application
  Rendered static_pages/index.html.erb within layouts/application (0.5ms)
Completed 200 OK in 1701ms (Views: 1698.7ms | ActiveRecord: 0.0ms)


Started GET "/" for ::1 at 2017-05-11 16:31:11 -0400
Processing by StaticPagesController#index as HTML
  Rendering static_pages/index.html.erb within layouts/application
  Rendered static_pages/index.html.erb within layouts/application (0.6ms)
Completed 200 OK in 1618ms (Views: 1615.9ms | ActiveRecord: 0.0ms)


Started GET "/" for ::1 at 2017-05-11 16:31:39 -0400
Processing by StaticPagesController#index as HTML
  Rendering static_pages/index.html.erb within layouts/application
  Rendered static_pages/index.html.erb within layouts/application (0.4ms)
Completed 200 OK in 46ms (Views: 43.8ms | ActiveRecord: 0.0ms)


Started GET "/" for ::1 at 2017-05-11 16:33:26 -0400
Processing by StaticPagesController#index as HTML
  Rendering static_pages/index.html.erb within layouts/application
  Rendered static_pages/index.html.erb within layouts/application (0.4ms)
Completed 200 OK in 1582ms (Views: 1579.7ms | ActiveRecord: 0.0ms)


Started GET "/" for ::1 at 2017-05-11 16:38:06 -0400
Processing by StaticPagesController#index as HTML
  Rendering static_pages/index.html.erb within layouts/application
  Rendered static_pages/index.html.erb within layouts/application (0.5ms)
Completed 200 OK in 1796ms (Views: 1793.7ms | ActiveRecord: 0.0ms)


Started GET "/" for ::1 at 2017-05-11 16:38:48 -0400
Processing by StaticPagesController#index as HTML
  Rendering static_pages/index.html.erb within layouts/application
  Rendered static_pages/index.html.erb within layouts/application (0.5ms)
Completed 200 OK in 1684ms (Views: 1681.6ms | ActiveRecord: 0.0ms)


Started GET "/" for ::1 at 2017-05-11 16:40:22 -0400
Processing by StaticPagesController#index as HTML
  Rendering static_pages/index.html.erb within layouts/application
  Rendered static_pages/index.html.erb within layouts/application (0.4ms)
Completed 200 OK in 55ms (Views: 52.7ms | ActiveRecord: 0.0ms)


Started GET "/" for ::1 at 2017-05-11 16:42:00 -0400
Processing by StaticPagesController#index as HTML
  Rendering static_pages/index.html.erb within layouts/application
  Rendered static_pages/index.html.erb within layouts/application (0.5ms)
Completed 200 OK in 66ms (Views: 63.6ms | ActiveRecord: 0.0ms)


Started GET "/" for ::1 at 2017-05-11 16:42:23 -0400
Processing by StaticPagesController#index as HTML
  Rendering static_pages/index.html.erb within layouts/application
  Rendered static_pages/index.html.erb within layouts/application (0.5ms)
Completed 200 OK in 1719ms (Views: 1717.1ms | ActiveRecord: 0.0ms)


Started GET "/" for ::1 at 2017-05-11 16:44:32 -0400
Processing by StaticPagesController#index as HTML
  Rendering static_pages/index.html.erb within layouts/application
  Rendered static_pages/index.html.erb within layouts/application (0.5ms)
Completed 200 OK in 1772ms (Views: 1770.0ms | ActiveRecord: 0.0ms)


Started GET "/" for ::1 at 2017-05-11 16:44:45 -0400
Processing by StaticPagesController#index as HTML
  Rendering static_pages/index.html.erb within layouts/application
  Rendered static_pages/index.html.erb within layouts/application (0.5ms)
Completed 200 OK in 1587ms (Views: 1584.8ms | ActiveRecord: 0.0ms)


Started GET "/" for ::1 at 2017-05-11 16:45:11 -0400
Processing by StaticPagesController#index as HTML
  Rendering static_pages/index.html.erb within layouts/application
  Rendered static_pages/index.html.erb within layouts/application (0.5ms)
Completed 200 OK in 1692ms (Views: 1689.4ms | ActiveRecord: 0.0ms)


Started GET "/" for ::1 at 2017-05-11 16:45:35 -0400
Processing by StaticPagesController#index as HTML
  Rendering static_pages/index.html.erb within layouts/application
  Rendered static_pages/index.html.erb within layouts/application (0.7ms)
Completed 200 OK in 66ms (Views: 63.9ms | ActiveRecord: 0.0ms)


Started GET "/" for ::1 at 2017-05-11 16:49:33 -0400
Processing by StaticPagesController#index as HTML
  Rendering static_pages/index.html.erb within layouts/application
  Rendered static_pages/index.html.erb within layouts/application (0.6ms)
Completed 200 OK in 1761ms (Views: 1758.6ms | ActiveRecord: 0.0ms)


Started GET "/" for ::1 at 2017-05-11 16:50:02 -0400
Processing by StaticPagesController#index as HTML
  Rendering static_pages/index.html.erb within layouts/application
  Rendered static_pages/index.html.erb within layouts/application (0.4ms)
Completed 200 OK in 1605ms (Views: 1603.1ms | ActiveRecord: 0.0ms)


Started GET "/" for ::1 at 2017-05-11 16:54:01 -0400
Processing by StaticPagesController#index as HTML
  Rendering static_pages/index.html.erb within layouts/application
  Rendered static_pages/index.html.erb within layouts/application (0.8ms)
Completed 200 OK in 1872ms (Views: 1869.4ms | ActiveRecord: 0.0ms)


Started GET "/" for ::1 at 2017-05-11 16:55:49 -0400
Processing by StaticPagesController#index as HTML
  Rendering static_pages/index.html.erb within layouts/application
  Rendered static_pages/index.html.erb within layouts/application (0.5ms)
Completed 200 OK in 52ms (Views: 49.9ms | ActiveRecord: 0.0ms)


Started GET "/" for ::1 at 2017-05-11 16:56:26 -0400
Processing by StaticPagesController#index as HTML
  Rendering static_pages/index.html.erb within layouts/application
  Rendered static_pages/index.html.erb within layouts/application (0.5ms)
Completed 200 OK in 67ms (Views: 64.3ms | ActiveRecord: 0.0ms)


Started GET "/" for ::1 at 2017-05-11 16:58:11 -0400
Processing by StaticPagesController#index as HTML
  Rendering static_pages/index.html.erb within layouts/application
  Rendered static_pages/index.html.erb within layouts/application (0.4ms)
Completed 200 OK in 54ms (Views: 52.3ms | ActiveRecord: 0.0ms)


Started GET "/" for ::1 at 2017-05-11 16:58:36 -0400
Processing by StaticPagesController#index as HTML
  Rendering static_pages/index.html.erb within layouts/application
  Rendered static_pages/index.html.erb within layouts/application (0.5ms)
Completed 200 OK in 53ms (Views: 51.4ms | ActiveRecord: 0.0ms)


Started GET "/" for ::1 at 2017-05-11 17:00:28 -0400
Processing by StaticPagesController#index as HTML
  Rendering static_pages/index.html.erb within layouts/application
  Rendered static_pages/index.html.erb within layouts/application (0.5ms)
Completed 200 OK in 1796ms (Views: 1793.6ms | ActiveRecord: 0.0ms)


Started GET "/" for ::1 at 2017-05-11 17:01:39 -0400
Processing by StaticPagesController#index as HTML
  Rendering static_pages/index.html.erb within layouts/application
  Rendered static_pages/index.html.erb within layouts/application (0.4ms)
Completed 200 OK in 1603ms (Views: 1601.5ms | ActiveRecord: 0.0ms)


Started GET "/" for ::1 at 2017-05-11 19:10:02 -0400
Processing by StaticPagesController#index as HTML
  Rendering static_pages/index.html.erb within layouts/application
  Rendered static_pages/index.html.erb within layouts/application (1.7ms)
Completed 200 OK in 593ms (Views: 581.2ms | ActiveRecord: 0.0ms)


Started GET "/" for ::1 at 2017-05-11 19:13:52 -0400
Processing by StaticPagesController#index as HTML
  Rendering static_pages/index.html.erb within layouts/application
  Rendered static_pages/index.html.erb within layouts/application (0.9ms)
Completed 200 OK in 84ms (Views: 81.4ms | ActiveRecord: 0.0ms)


Started GET "/" for ::1 at 2017-05-11 19:20:14 -0400
Processing by StaticPagesController#index as HTML
  Rendering static_pages/index.html.erb within layouts/application
  Rendered static_pages/index.html.erb within layouts/application (0.7ms)
Completed 200 OK in 98ms (Views: 95.6ms | ActiveRecord: 0.0ms)


Started GET "/" for ::1 at 2017-05-11 19:21:03 -0400
Processing by StaticPagesController#index as HTML
  Rendering static_pages/index.html.erb within layouts/application
  Rendered static_pages/index.html.erb within layouts/application (0.6ms)
Completed 200 OK in 76ms (Views: 73.8ms | ActiveRecord: 0.0ms)


Started GET "/" for ::1 at 2017-05-11 19:22:16 -0400
Processing by StaticPagesController#index as HTML
  Rendering static_pages/index.html.erb within layouts/application
  Rendered static_pages/index.html.erb within layouts/application (0.7ms)
Completed 200 OK in 59ms (Views: 55.6ms | ActiveRecord: 0.0ms)


Started GET "/" for ::1 at 2017-05-11 19:30:36 -0400
Processing by StaticPagesController#index as HTML
  Rendering static_pages/index.html.erb within layouts/application
  Rendered static_pages/index.html.erb within layouts/application (0.6ms)
Completed 200 OK in 1811ms (Views: 1808.8ms | ActiveRecord: 0.0ms)


Started GET "/" for ::1 at 2017-05-11 19:43:22 -0400
Processing by StaticPagesController#index as HTML
  Rendering static_pages/index.html.erb within layouts/application
  Rendered static_pages/index.html.erb within layouts/application (0.4ms)
Completed 200 OK in 83ms (Views: 81.0ms | ActiveRecord: 0.0ms)


Started GET "/" for ::1 at 2017-05-11 19:54:14 -0400
Processing by StaticPagesController#index as HTML
  Rendering static_pages/index.html.erb within layouts/application
  Rendered static_pages/index.html.erb within layouts/application (0.4ms)
Completed 200 OK in 75ms (Views: 73.0ms | ActiveRecord: 0.0ms)


Started GET "/" for ::1 at 2017-05-11 20:01:49 -0400
Processing by StaticPagesController#index as HTML
  Rendering static_pages/index.html.erb within layouts/application
  Rendered static_pages/index.html.erb within layouts/application (0.7ms)
Completed 200 OK in 75ms (Views: 73.3ms | ActiveRecord: 0.0ms)


Started GET "/" for ::1 at 2017-05-11 20:05:29 -0400
Processing by StaticPagesController#index as HTML
  Rendering static_pages/index.html.erb within layouts/application
  Rendered static_pages/index.html.erb within layouts/application (0.9ms)
Completed 200 OK in 76ms (Views: 73.4ms | ActiveRecord: 0.0ms)


Started GET "/" for ::1 at 2017-05-11 20:08:05 -0400
Processing by StaticPagesController#index as HTML
  Rendering static_pages/index.html.erb within layouts/application
  Rendered static_pages/index.html.erb within layouts/application (0.5ms)
Completed 200 OK in 72ms (Views: 70.0ms | ActiveRecord: 0.0ms)


Started GET "/" for ::1 at 2017-05-11 20:09:14 -0400
Processing by StaticPagesController#index as HTML
  Rendering static_pages/index.html.erb within layouts/application
  Rendered static_pages/index.html.erb within layouts/application (0.5ms)
Completed 200 OK in 1806ms (Views: 1803.4ms | ActiveRecord: 0.0ms)


Started GET "/" for ::1 at 2017-05-11 22:58:41 -0400
Started GET "/" for ::1 at 2017-05-11 22:58:41 -0400
Processing by StaticPagesController#index as HTML
Processing by StaticPagesController#index as HTML
  Rendering static_pages/index.html.erb within layouts/application
  Rendering static_pages/index.html.erb within layouts/application
  Rendered static_pages/index.html.erb within layouts/application (1.7ms)
  Rendered static_pages/index.html.erb within layouts/application (0.8ms)
Completed 200 OK in 3982ms (Views: 3968.0ms | ActiveRecord: 0.0ms)


Completed 200 OK in 3973ms (Views: 3970.6ms | ActiveRecord: 0.0ms)


Started GET "/" for ::1 at 2017-05-11 22:59:20 -0400
Processing by StaticPagesController#index as HTML
  Rendering static_pages/index.html.erb within layouts/application
  Rendered static_pages/index.html.erb within layouts/application (0.5ms)
Completed 200 OK in 1647ms (Views: 1643.7ms | ActiveRecord: 0.0ms)


Started GET "/" for ::1 at 2017-05-12 16:29:04 -0400
Processing by StaticPagesController#index as HTML
  Rendering static_pages/index.html.erb within layouts/application
  Rendered static_pages/index.html.erb within layouts/application (2.0ms)
Completed 200 OK in 540ms (Views: 527.3ms | ActiveRecord: 0.0ms)


